<?xml version="1.0" encoding="UTF-8"?>
<testsuite xmlns:xsi="http://www.w3.org/2001/XMLSchema-instance" xsi:noNamespaceSchemaLocation="https://maven.apache.org/surefire/maven-surefire-plugin/xsd/surefire-test-report.xsd" version="3.0.2" name="com.springproject.log_analyzer_service.LogAnalyzerServiceApplicationTests" time="6.908" tests="1" errors="0" skipped="0" failures="0">
  <properties>
[...]
</properties>
  <testcase name="contextLoads" classname="com.springproject.log_analyzer_service.LogAnalyzerServiceApplicationTests" time="0.666">
    <system-out><![CDATA[13:09:12.299 [main] INFO org.springframework.test.context.support.AnnotationConfigContextLoaderUtils -- Could not detect default configuration classes for test class [com.springproject.log_analyzer_service.LogAnalyzerServiceApplicationTests]: LogAnalyzerServiceApplicationTests does not declare any static, non-private, non-final, nested classes annotated with @Configuration.
13:09:12.413 [main] INFO org.springframework.boot.test.context.SpringBootTestContextBootstrapper -- Found @SpringBootConfiguration com.springproject.log_analyzer_service.LogAnalyzerServiceApplication for test class com.springproject.log_analyzer_service.LogAnalyzerServiceApplicationTests

  .   ____          _            __ _ _
 /\\ / ___'_ __ _ _(_)_ __  __ _ \ \ \ \
( ( )\___ | '_ | '_| | '_ \/ _` | \ \ \ \
 \\/  ___)| |_)| | | | | || (_| |  ) ) ) )
  '  |____| .__|_| |_|_| |_\__, | / / / /
 =========|_|==============|___/=/_/_/_/

 :: Spring Boot ::                (v3.5.9)

2026-01-02T13:09:12.967+05:30  INFO 14870 --- [log-analyzer-service] [           main] c.s.l.LogAnalyzerServiceApplicationTests : Starting LogAnalyzerServiceApplicationTests using Java 21.0.7-ea with PID 14870 (started by kaustubhgawade in /home/kaustubhgawade/Downloads/log-analyzer-service)
2026-01-02T13:09:12.970+05:30  INFO 14870 --- [log-analyzer-service] [           main] c.s.l.LogAnalyzerServiceApplicationTests : No active profile set, falling back to 1 default profile: "default"
2026-01-02T13:09:14.261+05:30  INFO 14870 --- [log-analyzer-service] [           main] .s.d.r.c.RepositoryConfigurationDelegate : Multiple Spring Data modules found, entering strict repository configuration mode
2026-01-02T13:09:14.263+05:30  INFO 14870 --- [log-analyzer-service] [           main] .s.d.r.c.RepositoryConfigurationDelegate : Bootstrapping Spring Data Elasticsearch repositories in DEFAULT mode.
2026-01-02T13:09:14.281+05:30  INFO 14870 --- [log-analyzer-service] [           main] .s.d.r.c.RepositoryConfigurationDelegate : Finished Spring Data repository scanning in 11 ms. Found 0 Elasticsearch repository interfaces.
2026-01-02T13:09:14.286+05:30  INFO 14870 --- [log-analyzer-service] [           main] .s.d.r.c.RepositoryConfigurationDelegate : Multiple Spring Data modules found, entering strict repository configuration mode
2026-01-02T13:09:14.287+05:30  INFO 14870 --- [log-analyzer-service] [           main] .s.d.r.c.RepositoryConfigurationDelegate : Bootstrapping Spring Data Reactive Elasticsearch repositories in DEFAULT mode.
2026-01-02T13:09:14.291+05:30  INFO 14870 --- [log-analyzer-service] [           main] .s.d.r.c.RepositoryConfigurationDelegate : Finished Spring Data repository scanning in 1 ms. Found 0 Reactive Elasticsearch repository interfaces.
2026-01-02T13:09:14.303+05:30  INFO 14870 --- [log-analyzer-service] [           main] .s.d.r.c.RepositoryConfigurationDelegate : Multiple Spring Data modules found, entering strict repository configuration mode
2026-01-02T13:09:14.305+05:30  INFO 14870 --- [log-analyzer-service] [           main] .s.d.r.c.RepositoryConfigurationDelegate : Bootstrapping Spring Data JPA repositories in DEFAULT mode.
2026-01-02T13:09:14.313+05:30  INFO 14870 --- [log-analyzer-service] [           main] .s.d.r.c.RepositoryConfigurationDelegate : Finished Spring Data repository scanning in 1 ms. Found 0 JPA repository interfaces.
2026-01-02T13:09:14.861+05:30  INFO 14870 --- [log-analyzer-service] [           main] com.zaxxer.hikari.HikariDataSource       : HikariPool-1 - Starting...
2026-01-02T13:09:15.040+05:30  INFO 14870 --- [log-analyzer-service] [           main] com.zaxxer.hikari.pool.HikariPool        : HikariPool-1 - Added connection conn0: url=jdbc:h2:mem:testdb user=SA
2026-01-02T13:09:15.042+05:30  INFO 14870 --- [log-analyzer-service] [           main] com.zaxxer.hikari.HikariDataSource       : HikariPool-1 - Start completed.
2026-01-02T13:09:15.081+05:30  INFO 14870 --- [log-analyzer-service] [           main] o.hibernate.jpa.internal.util.LogHelper  : HHH000204: Processing PersistenceUnitInfo [name: default]
2026-01-02T13:09:15.135+05:30  INFO 14870 --- [log-analyzer-service] [           main] org.hibernate.Version                    : HHH000412: Hibernate ORM core version 6.6.39.Final
2026-01-02T13:09:15.170+05:30  INFO 14870 --- [log-analyzer-service] [           main] o.h.c.internal.RegionFactoryInitiator    : HHH000026: Second-level cache disabled
2026-01-02T13:09:15.419+05:30  INFO 14870 --- [log-analyzer-service] [           main] o.s.o.j.p.SpringPersistenceUnitInfo      : No LoadTimeWeaver setup: ignoring JPA class transformer
2026-01-02T13:09:15.521+05:30  INFO 14870 --- [log-analyzer-service] [           main] org.hibernate.orm.connections.pooling    : HHH10001005: Database info:
	Database JDBC URL [Connecting through datasource 'HikariDataSource (HikariPool-1)']
	Database driver: undefined/unknown
	Database version: 2.4.240
	Autocommit mode: undefined/unknown
	Isolation level: undefined/unknown
	Minimum pool size: undefined/unknown
	Maximum pool size: undefined/unknown
2026-01-02T13:09:16.089+05:30  INFO 14870 --- [log-analyzer-service] [           main] o.h.e.t.j.p.i.JtaPlatformInitiator       : HHH000489: No JTA platform available (set 'hibernate.transaction.jta.platform' to enable JTA platform integration)
2026-01-02T13:09:16.102+05:30  INFO 14870 --- [log-analyzer-service] [           main] j.LocalContainerEntityManagerFactoryBean : Initialized JPA EntityManagerFactory for persistence unit 'default'
2026-01-02T13:09:16.360+05:30  WARN 14870 --- [log-analyzer-service] [           main] JpaBaseConfiguration$JpaWebConfiguration : spring.jpa.open-in-view is enabled by default. Therefore, database queries may be performed during view rendering. Explicitly configure spring.jpa.open-in-view to disable this warning
2026-01-02T13:09:18.163+05:30  INFO 14870 --- [log-analyzer-service] [           main] o.s.b.a.e.web.EndpointLinksResolver      : Exposing 1 endpoint beneath base path '/actuator'
2026-01-02T13:09:18.291+05:30  INFO 14870 --- [log-analyzer-service] [           main] c.s.l.LogAnalyzerServiceApplicationTests : Started LogAnalyzerServiceApplicationTests in 5.662 seconds (process running for 6.83)
]]></system-out>
    <system-err><![CDATA[Mockito is currently self-attaching to enable the inline-mock-maker. This will no longer work in future releases of the JDK. Please add Mockito as an agent to your build as described in Mockito's documentation: https://javadoc.io/doc/org.mockito/mockito-core/latest/org.mockito/org/mockito/Mockito.html#0.3
WARNING: A Java agent has been loaded dynamically (/home/kaustubhgawade/.m2/repository/net/bytebuddy/byte-buddy-agent/1.17.8/byte-buddy-agent-1.17.8.jar)
WARNING: If a serviceability tool is in use, please run with -XX:+EnableDynamicAgentLoading to hide this warning
WARNING: If a serviceability tool is not in use, please run with -Djdk.instrument.traceUsage for more information
WARNING: Dynamic loading of agents will be disallowed by default in a future release
]]></system-err>
  </testcase>
</testsuite>